securepref/build/outputs/logs/manifest-merger-debug-report.txt
-- Merging decision tree log ---
manifest
ADDED from src/main/AndroidManifest.xml:1:1-13:12
INJECTED from src/main/AndroidManifest.xml:1:1-13:12
INJECTED from src/main/AndroidManifest.xml:1:1-13:12
INJECTED from src/main/AndroidManifest.xml:1:1-13:12
INJECTED from src/main/AndroidManifest.xml:1:1-13:12
INJECTED from src/main/AndroidManifest.xml:1:1-13:12
INJECTED from src/main/AndroidManifest.xml:1:1-13:12
	package
		ADDED from src/main/AndroidManifest.xml:3:11-45
		INJECTED from src/main/AndroidManifest.xml
		INJECTED from src/main/AndroidManifest.xml
	android:versionName
		INJECTED from src/main/AndroidManifest.xml
		ADDED from src/main/AndroidManifest.xml:1:1-13:12
		INJECTED from src/main/AndroidManifest.xml
	android:versionCode
		INJECTED from src/main/AndroidManifest.xml
		ADDED from src/main/AndroidManifest.xml:1:1-13:12
		INJECTED from src/main/AndroidManifest.xml
	xmlns:android
		ADDED from src/main/AndroidManifest.xml:1:11-69
application
ADDED from src/main/AndroidManifest.xml:6:5-11:19
	android:supportsRtl
		ADDED from src/main/AndroidManifest.xml:8:18-44
	android:label
		ADDED from src/main/AndroidManifest.xml:7:18-50
	android:allowBackup
		ADDED from src/main/AndroidManifest.xml:6:18-44
uses-sdk
INJECTED from src/main/AndroidManifest.xml reason: use-sdk injection requested
INJECTED from src/main/AndroidManifest.xml
INJECTED from src/main/AndroidManifest.xml
INJECTED from src/main/AndroidManifest.xml
INJECTED from src/main/AndroidManifest.xml
	android:targetSdkVersion
		INJECTED from src/main/AndroidManifest.xml
		ADDED from src/main/AndroidManifest.xml
		INJECTED from src/main/AndroidManifest.xml
	android:minSdkVersion
		INJECTED from src/main/AndroidManifest.xml
		ADDED from src/main/AndroidManifest.xml
		INJECTED from src/main/AndroidManifest.xml